<?xml version="1.0" encoding="UTF-8"?>
<testng-results ignored="0" total="1" passed="1" failed="0" skipped="0">
  <reporter-output>
  </reporter-output>
  <suite started-at="2024-07-16T19:12:11 IST" name="Default suite" finished-at="2024-07-16T19:12:26 IST" duration-ms="14351">
    <groups>
    </groups>
    <test started-at="2024-07-16T19:12:11 IST" name="Default test" finished-at="2024-07-16T19:12:26 IST" duration-ms="14351">
      <class name="appium.AppiumBasic">
        <test-method signature="AppiumTest()[pri:0, instance:appium.AppiumBasic@313ac989]" started-at="2024-07-16T19:12:12 IST" name="AppiumTest" finished-at="2024-07-16T19:12:26 IST" duration-ms="14266" status="PASS">
          <reporter-output>
          </reporter-output>
        </test-method> <!-- AppiumTest -->
      </class> <!-- appium.AppiumBasic -->
    </test> <!-- Default test -->
  </suite> <!-- Default suite -->
</testng-results>
